2012-09-20 13:05:28 (UTC)	8192 	Function sql_regcase() is deprecated	File: fns_tinybrowser.php	Line: 355	
2012-09-20 13:05:28 (UTC)	8192 	Function sql_regcase() is deprecated	File: fns_tinybrowser.php	Line: 355	
2012-09-20 13:05:28 (UTC)	8192 	Function sql_regcase() is deprecated	File: fns_tinybrowser.php	Line: 355	
2012-09-20 13:05:28 (UTC)	8192 	Function sql_regcase() is deprecated	File: fns_tinybrowser.php	Line: 355	
2012-09-20 13:05:40 (UTC)	8192 	Function sql_regcase() is deprecated	File: fns_tinybrowser.php	Line: 355	
2012-09-20 13:05:40 (UTC)	8192 	Function sql_regcase() is deprecated	File: fns_tinybrowser.php	Line: 355	
2012-09-20 13:05:40 (UTC)	8192 	Function sql_regcase() is deprecated	File: fns_tinybrowser.php	Line: 355	
2012-09-20 13:05:40 (UTC)	8192 	Function sql_regcase() is deprecated	File: fns_tinybrowser.php	Line: 355	
2012-09-20 13:06:04 (UTC)	8192 	Function sql_regcase() is deprecated	File: fns_tinybrowser.php	Line: 355	
2012-09-20 13:06:04 (UTC)	8192 	Function sql_regcase() is deprecated	File: fns_tinybrowser.php	Line: 355	
2012-09-20 13:06:04 (UTC)	8192 	Function sql_regcase() is deprecated	File: fns_tinybrowser.php	Line: 355	
2012-09-20 13:06:04 (UTC)	8192 	Function sql_regcase() is deprecated	File: fns_tinybrowser.php	Line: 355	
2012-09-20 13:06:09 (UTC)	8192 	Function sql_regcase() is deprecated	File: fns_tinybrowser.php	Line: 355	
2012-09-20 13:06:09 (UTC)	8192 	Function sql_regcase() is deprecated	File: fns_tinybrowser.php	Line: 355	
2012-09-20 13:06:09 (UTC)	8192 	Function sql_regcase() is deprecated	File: fns_tinybrowser.php	Line: 355	
2012-09-20 13:06:09 (UTC)	8192 	Function sql_regcase() is deprecated	File: fns_tinybrowser.php	Line: 355	
2012-09-20 13:06:10 (UTC)	8192 	Function sql_regcase() is deprecated	File: fns_tinybrowser.php	Line: 355	
2012-09-20 13:06:10 (UTC)	8192 	Function sql_regcase() is deprecated	File: fns_tinybrowser.php	Line: 355	
2012-09-20 13:06:10 (UTC)	8192 	Function sql_regcase() is deprecated	File: fns_tinybrowser.php	Line: 355	
2012-09-20 13:06:10 (UTC)	8192 	Function sql_regcase() is deprecated	File: fns_tinybrowser.php	Line: 355	
2012-09-20 13:06:11 (UTC)	8192 	Function sql_regcase() is deprecated	File: fns_tinybrowser.php	Line: 355	
2012-09-20 13:06:11 (UTC)	8192 	Function sql_regcase() is deprecated	File: fns_tinybrowser.php	Line: 355	
2012-09-20 13:06:11 (UTC)	8192 	Function sql_regcase() is deprecated	File: fns_tinybrowser.php	Line: 355	
2012-09-20 13:06:11 (UTC)	8192 	Function sql_regcase() is deprecated	File: fns_tinybrowser.php	Line: 355	
2012-09-20 13:08:43 (UTC)	8192 	Function sql_regcase() is deprecated	File: fns_tinybrowser.php	Line: 355	
2012-09-20 13:08:43 (UTC)	8192 	Function sql_regcase() is deprecated	File: fns_tinybrowser.php	Line: 355	
2012-09-20 13:08:43 (UTC)	8192 	Function sql_regcase() is deprecated	File: fns_tinybrowser.php	Line: 355	
2012-09-20 13:08:43 (UTC)	8192 	Function sql_regcase() is deprecated	File: fns_tinybrowser.php	Line: 355	
2012-09-20 13:08:47 (UTC)	8192 	Function sql_regcase() is deprecated	File: fns_tinybrowser.php	Line: 355	
2012-09-20 13:08:47 (UTC)	8192 	Function sql_regcase() is deprecated	File: fns_tinybrowser.php	Line: 355	
2012-09-20 13:08:47 (UTC)	8192 	Function sql_regcase() is deprecated	File: fns_tinybrowser.php	Line: 355	
2012-09-20 13:08:47 (UTC)	8192 	Function sql_regcase() is deprecated	File: fns_tinybrowser.php	Line: 355	
2012-09-20 13:21:05 (UTC)	8192 	Function sql_regcase() is deprecated	File: fns_tinybrowser.php	Line: 355	
2012-09-20 13:21:05 (UTC)	8192 	Function sql_regcase() is deprecated	File: fns_tinybrowser.php	Line: 355	
2012-09-20 13:21:05 (UTC)	8192 	Function sql_regcase() is deprecated	File: fns_tinybrowser.php	Line: 355	
2012-09-20 13:21:05 (UTC)	8192 	Function sql_regcase() is deprecated	File: fns_tinybrowser.php	Line: 355	
2012-09-20 13:25:54 (UTC)	8192 	Function sql_regcase() is deprecated	File: fns_tinybrowser.php	Line: 355	
2012-09-20 13:25:54 (UTC)	8192 	Function sql_regcase() is deprecated	File: fns_tinybrowser.php	Line: 355	
2012-09-20 13:25:54 (UTC)	8192 	Function sql_regcase() is deprecated	File: fns_tinybrowser.php	Line: 355	
2012-09-20 13:25:54 (UTC)	8192 	Function sql_regcase() is deprecated	File: fns_tinybrowser.php	Line: 355	
2012-09-20 13:26:10 (UTC)	8192 	Function sql_regcase() is deprecated	File: fns_tinybrowser.php	Line: 355	
2012-09-20 13:26:10 (UTC)	8192 	Function sql_regcase() is deprecated	File: fns_tinybrowser.php	Line: 355	
2012-09-20 13:26:10 (UTC)	8192 	Function sql_regcase() is deprecated	File: fns_tinybrowser.php	Line: 355	
2012-09-20 13:26:10 (UTC)	8192 	Function sql_regcase() is deprecated	File: fns_tinybrowser.php	Line: 355	
2012-09-20 13:26:12 (UTC)	8192 	Function sql_regcase() is deprecated	File: fns_tinybrowser.php	Line: 355	
2012-09-20 13:26:12 (UTC)	8192 	Function sql_regcase() is deprecated	File: fns_tinybrowser.php	Line: 355	
2012-09-20 13:26:12 (UTC)	8192 	Function sql_regcase() is deprecated	File: fns_tinybrowser.php	Line: 355	
2012-09-20 13:26:12 (UTC)	8192 	Function sql_regcase() is deprecated	File: fns_tinybrowser.php	Line: 355	
2012-09-20 13:26:13 (UTC)	8192 	Function sql_regcase() is deprecated	File: fns_tinybrowser.php	Line: 355	
2012-09-20 13:26:13 (UTC)	8192 	Function sql_regcase() is deprecated	File: fns_tinybrowser.php	Line: 355	
2012-09-20 13:26:13 (UTC)	8192 	Function sql_regcase() is deprecated	File: fns_tinybrowser.php	Line: 355	
2012-09-20 13:26:13 (UTC)	8192 	Function sql_regcase() is deprecated	File: fns_tinybrowser.php	Line: 355	
2012-09-20 13:26:16 (UTC)	8192 	Function sql_regcase() is deprecated	File: fns_tinybrowser.php	Line: 355	
2012-09-20 13:26:16 (UTC)	8192 	Function sql_regcase() is deprecated	File: fns_tinybrowser.php	Line: 355	
2012-09-20 13:26:16 (UTC)	8192 	Function sql_regcase() is deprecated	File: fns_tinybrowser.php	Line: 355	
2012-09-20 13:26:16 (UTC)	8192 	Function sql_regcase() is deprecated	File: fns_tinybrowser.php	Line: 355	
2012-09-20 13:26:22 (UTC)	8192 	Function sql_regcase() is deprecated	File: fns_tinybrowser.php	Line: 355	
2012-09-20 13:26:22 (UTC)	8192 	Function sql_regcase() is deprecated	File: fns_tinybrowser.php	Line: 355	
2012-09-20 13:26:22 (UTC)	8192 	Function sql_regcase() is deprecated	File: fns_tinybrowser.php	Line: 355	
2012-09-20 13:26:22 (UTC)	8192 	Function sql_regcase() is deprecated	File: fns_tinybrowser.php	Line: 355	
2012-09-20 13:26:29 (UTC)	8192 	Function sql_regcase() is deprecated	File: fns_tinybrowser.php	Line: 355	
2012-09-20 13:26:29 (UTC)	8192 	Function sql_regcase() is deprecated	File: fns_tinybrowser.php	Line: 355	
2012-09-20 13:26:29 (UTC)	8192 	Function sql_regcase() is deprecated	File: fns_tinybrowser.php	Line: 355	
2012-09-20 13:26:29 (UTC)	8192 	Function sql_regcase() is deprecated	File: fns_tinybrowser.php	Line: 355	
2012-09-20 13:26:35 (UTC)	8192 	Function sql_regcase() is deprecated	File: fns_tinybrowser.php	Line: 355	
2012-09-20 13:26:35 (UTC)	8192 	Function sql_regcase() is deprecated	File: fns_tinybrowser.php	Line: 355	
2012-09-20 13:26:35 (UTC)	8192 	Function sql_regcase() is deprecated	File: fns_tinybrowser.php	Line: 355	
2012-09-20 13:26:35 (UTC)	8192 	Function sql_regcase() is deprecated	File: fns_tinybrowser.php	Line: 355	
2012-09-20 13:26:35 (UTC)	8192 	Function sql_regcase() is deprecated	File: fns_tinybrowser.php	Line: 371	
2012-09-20 13:26:35 (UTC)	8192 	Function sql_regcase() is deprecated	File: fns_tinybrowser.php	Line: 371	
2012-09-20 13:26:35 (UTC)	8192 	Function sql_regcase() is deprecated	File: fns_tinybrowser.php	Line: 371	
2012-09-20 13:26:35 (UTC)	8192 	Function sql_regcase() is deprecated	File: fns_tinybrowser.php	Line: 371	
2012-09-20 13:26:40 (UTC)	8192 	Function sql_regcase() is deprecated	File: fns_tinybrowser.php	Line: 355	
2012-09-20 13:26:40 (UTC)	8192 	Function sql_regcase() is deprecated	File: fns_tinybrowser.php	Line: 355	
2012-09-20 13:26:40 (UTC)	8192 	Function sql_regcase() is deprecated	File: fns_tinybrowser.php	Line: 355	
2012-09-20 13:26:40 (UTC)	8192 	Function sql_regcase() is deprecated	File: fns_tinybrowser.php	Line: 355	
2012-09-20 13:26:40 (UTC)	8192 	Function sql_regcase() is deprecated	File: fns_tinybrowser.php	Line: 371	
2012-09-20 13:26:40 (UTC)	8192 	Function sql_regcase() is deprecated	File: fns_tinybrowser.php	Line: 371	
2012-09-20 13:26:40 (UTC)	8192 	Function sql_regcase() is deprecated	File: fns_tinybrowser.php	Line: 371	
2012-09-20 13:26:40 (UTC)	8192 	Function sql_regcase() is deprecated	File: fns_tinybrowser.php	Line: 371	
2012-09-20 13:26:42 (UTC)	8192 	Function sql_regcase() is deprecated	File: fns_tinybrowser.php	Line: 355	
2012-09-20 13:26:42 (UTC)	8192 	Function sql_regcase() is deprecated	File: fns_tinybrowser.php	Line: 355	
2012-09-20 13:26:42 (UTC)	8192 	Function sql_regcase() is deprecated	File: fns_tinybrowser.php	Line: 355	
2012-09-20 13:26:42 (UTC)	8192 	Function sql_regcase() is deprecated	File: fns_tinybrowser.php	Line: 355	
2012-09-20 13:26:42 (UTC)	8192 	Function sql_regcase() is deprecated	File: fns_tinybrowser.php	Line: 371	
2012-09-20 13:26:42 (UTC)	8192 	Function sql_regcase() is deprecated	File: fns_tinybrowser.php	Line: 371	
2012-09-20 13:26:42 (UTC)	8192 	Function sql_regcase() is deprecated	File: fns_tinybrowser.php	Line: 371	
2012-09-20 13:26:42 (UTC)	8192 	Function sql_regcase() is deprecated	File: fns_tinybrowser.php	Line: 371	
2012-09-20 13:26:52 (UTC)	8192 	Function sql_regcase() is deprecated	File: fns_tinybrowser.php	Line: 355	
2012-09-20 13:26:52 (UTC)	8192 	Function sql_regcase() is deprecated	File: fns_tinybrowser.php	Line: 355	
2012-09-20 13:26:52 (UTC)	8192 	Function sql_regcase() is deprecated	File: fns_tinybrowser.php	Line: 355	
2012-09-20 13:26:52 (UTC)	8192 	Function sql_regcase() is deprecated	File: fns_tinybrowser.php	Line: 355	
2012-09-20 13:26:52 (UTC)	8192 	Function sql_regcase() is deprecated	File: fns_tinybrowser.php	Line: 371	
2012-09-20 13:26:52 (UTC)	8192 	Function sql_regcase() is deprecated	File: fns_tinybrowser.php	Line: 371	
2012-09-20 13:26:52 (UTC)	8192 	Function sql_regcase() is deprecated	File: fns_tinybrowser.php	Line: 371	
2012-09-20 13:26:52 (UTC)	8192 	Function sql_regcase() is deprecated	File: fns_tinybrowser.php	Line: 371	
2012-09-20 13:26:55 (UTC)	8192 	Function sql_regcase() is deprecated	File: fns_tinybrowser.php	Line: 355	
2012-09-20 13:26:55 (UTC)	8192 	Function sql_regcase() is deprecated	File: fns_tinybrowser.php	Line: 355	
2012-09-20 13:26:55 (UTC)	8192 	Function sql_regcase() is deprecated	File: fns_tinybrowser.php	Line: 355	
2012-09-20 13:26:55 (UTC)	8192 	Function sql_regcase() is deprecated	File: fns_tinybrowser.php	Line: 355	
2012-09-20 13:26:55 (UTC)	8192 	Function sql_regcase() is deprecated	File: fns_tinybrowser.php	Line: 371	
2012-09-20 13:26:55 (UTC)	8192 	Function sql_regcase() is deprecated	File: fns_tinybrowser.php	Line: 371	
2012-09-20 13:26:55 (UTC)	8192 	Function sql_regcase() is deprecated	File: fns_tinybrowser.php	Line: 371	
2012-09-20 13:26:55 (UTC)	8192 	Function sql_regcase() is deprecated	File: fns_tinybrowser.php	Line: 371	
2012-09-20 11:52:50 (BRT)	2 Warning	opendir(/home/storage/f/20/9b/agenciapenta/public_htmlsindirepa/img/upload/) [<a href='function.opendir'>function.opendir</a>]: failed to open dir: No such file or directory	File: fns_tinybrowser.php	Line: 363	
2012-09-20 11:52:50 (BRT)	2 Warning	readdir(): supplied argument is not a valid Directory resource	File: fns_tinybrowser.php	Line: 364	
2012-09-20 11:52:50 (BRT)	2 Warning	closedir(): supplied argument is not a valid Directory resource	File: fns_tinybrowser.php	Line: 380	
2012-09-20 11:54:28 (BRT)	8 Notice	Undefined variable: success	File: upload_file.php	Line: 35	
2012-09-20 11:54:28 (BRT)	2 Warning	opendir(/home/storage/f/20/9b/agenciapenta/public_htmlsindirepa/img/upload/img/upload/) [<a href='function.opendir'>function.opendir</a>]: failed to open dir: No such file or directory	File: upload_process.php	Line: 21	
2012-09-20 11:54:29 (BRT)	2 Warning	opendir(/home/storage/f/20/9b/agenciapenta/public_htmlsindirepa/img/upload/) [<a href='function.opendir'>function.opendir</a>]: failed to open dir: No such file or directory	File: fns_tinybrowser.php	Line: 363	
2012-09-20 11:54:29 (BRT)	2 Warning	readdir(): supplied argument is not a valid Directory resource	File: fns_tinybrowser.php	Line: 364	
2012-09-20 11:54:29 (BRT)	2 Warning	closedir(): supplied argument is not a valid Directory resource	File: fns_tinybrowser.php	Line: 380	
2012-09-20 11:55:00 (BRT)	2 Warning	opendir(/home/storage/f/20/9b/agenciapenta/public_htmlsindirepa/img/upload/) [<a href='function.opendir'>function.opendir</a>]: failed to open dir: No such file or directory	File: upload_process.php	Line: 21	
2012-09-20 11:55:06 (BRT)	8 Notice	Undefined variable: success	File: upload_file.php	Line: 35	
2012-09-20 11:55:06 (BRT)	2 Warning	opendir(/home/storage/f/20/9b/agenciapenta/public_html/sindirepa/img/upload/sindirepa/img/upload/) [<a href='function.opendir'>function.opendir</a>]: failed to open dir: No such file or directory	File: upload_process.php	Line: 21	
2012-09-20 11:58:12 (BRT)	2 Warning	imagejpeg() [<a href='function.imagejpeg'>function.imagejpeg</a>]: Unable to open '/home/storage/f/20/9b/agenciapenta/public_html/sindirepa/img/upload/_thumbs/_camaro-preto11.jpg' for writing: No such file or directory	File: fns_tinybrowser.php	Line: 113	
